C:\Users\surya\OneDrive\Desktop\bytepad\Bytepad-3.0\Bytepad 3.0\Scripts\App\dist\out-tsc\src\app\test-paper.js
C:\Users\surya\OneDrive\Desktop\bytepad\Bytepad-3.0\Bytepad 3.0\Scripts\App\dist\out-tsc\src\app\test-paper.js.map
C:\Users\surya\OneDrive\Desktop\bytepad\Bytepad-3.0\Bytepad 3.0\Scripts\App\dist\out-tsc\src\environments\environment.js
C:\Users\surya\OneDrive\Desktop\bytepad\Bytepad-3.0\Bytepad 3.0\Scripts\App\dist\out-tsc\src\environments\environment.js.map
C:\Users\surya\OneDrive\Desktop\bytepad\Bytepad-3.0\Bytepad 3.0\Scripts\App\dist\out-tsc\src\app\landing\landing.component.js
C:\Users\surya\OneDrive\Desktop\bytepad\Bytepad-3.0\Bytepad 3.0\Scripts\App\dist\out-tsc\src\app\landing\landing.component.js.map
C:\Users\surya\OneDrive\Desktop\bytepad\Bytepad-3.0\Bytepad 3.0\Scripts\App\dist\out-tsc\src\app\paper-url.js
C:\Users\surya\OneDrive\Desktop\bytepad\Bytepad-3.0\Bytepad 3.0\Scripts\App\dist\out-tsc\src\app\paper-url.js.map
C:\Users\surya\OneDrive\Desktop\bytepad\Bytepad-3.0\Bytepad 3.0\Scripts\App\dist\out-tsc\src\app\search-result\search-result.component.js
C:\Users\surya\OneDrive\Desktop\bytepad\Bytepad-3.0\Bytepad 3.0\Scripts\App\dist\out-tsc\src\app\search-result\search-result.component.js.map
C:\Users\surya\OneDrive\Desktop\bytepad\Bytepad-3.0\Bytepad 3.0\Scripts\App\dist\out-tsc\src\app\app-routing.module.js
C:\Users\surya\OneDrive\Desktop\bytepad\Bytepad-3.0\Bytepad 3.0\Scripts\App\dist\out-tsc\src\app\app-routing.module.js.map
C:\Users\surya\OneDrive\Desktop\bytepad\Bytepad-3.0\Bytepad 3.0\Scripts\App\dist\out-tsc\src\app\app.component.js
C:\Users\surya\OneDrive\Desktop\bytepad\Bytepad-3.0\Bytepad 3.0\Scripts\App\dist\out-tsc\src\app\app.component.js.map
C:\Users\surya\OneDrive\Desktop\bytepad\Bytepad-3.0\Bytepad 3.0\Scripts\App\dist\out-tsc\src\app\update\update.component.js
C:\Users\surya\OneDrive\Desktop\bytepad\Bytepad-3.0\Bytepad 3.0\Scripts\App\dist\out-tsc\src\app\update\update.component.js.map
C:\Users\surya\OneDrive\Desktop\bytepad\Bytepad-3.0\Bytepad 3.0\Scripts\App\dist\out-tsc\src\app\download\download.component.js
C:\Users\surya\OneDrive\Desktop\bytepad\Bytepad-3.0\Bytepad 3.0\Scripts\App\dist\out-tsc\src\app\download\download.component.js.map
C:\Users\surya\OneDrive\Desktop\bytepad\Bytepad-3.0\Bytepad 3.0\Scripts\App\dist\out-tsc\src\app\footer\footer.component.js
C:\Users\surya\OneDrive\Desktop\bytepad\Bytepad-3.0\Bytepad 3.0\Scripts\App\dist\out-tsc\src\app\footer\footer.component.js.map
C:\Users\surya\OneDrive\Desktop\bytepad\Bytepad-3.0\Bytepad 3.0\Scripts\App\dist\out-tsc\src\app\app.module.js
C:\Users\surya\OneDrive\Desktop\bytepad\Bytepad-3.0\Bytepad 3.0\Scripts\App\dist\out-tsc\src\app\app.module.js.map
C:\Users\surya\OneDrive\Desktop\bytepad\Bytepad-3.0\Bytepad 3.0\Scripts\App\dist\out-tsc\src\main.js
C:\Users\surya\OneDrive\Desktop\bytepad\Bytepad-3.0\Bytepad 3.0\Scripts\App\dist\out-tsc\src\main.js.map
C:\Users\surya\OneDrive\Desktop\bytepad\Bytepad-3.0\Bytepad 3.0\Scripts\App\dist\out-tsc\src\polyfills.js
C:\Users\surya\OneDrive\Desktop\bytepad\Bytepad-3.0\Bytepad 3.0\Scripts\App\dist\out-tsc\src\polyfills.js.map
C:\Users\surya\OneDrive\Desktop\bytepad\Bytepad-3.0\Bytepad 3.0\Scripts\App\dist\out-tsc\src\test.js
C:\Users\surya\OneDrive\Desktop\bytepad\Bytepad-3.0\Bytepad 3.0\Scripts\App\dist\out-tsc\src\test.js.map
C:\Users\surya\OneDrive\Desktop\bytepad\Bytepad-3.0\Bytepad 3.0\Scripts\App\dist\out-tsc\e2e\src\app.po.js
C:\Users\surya\OneDrive\Desktop\bytepad\Bytepad-3.0\Bytepad 3.0\Scripts\App\dist\out-tsc\e2e\src\app.po.js.map
C:\Users\surya\OneDrive\Desktop\bytepad\Bytepad-3.0\Bytepad 3.0\Scripts\App\dist\out-tsc\e2e\src\app.e2e-spec.js
C:\Users\surya\OneDrive\Desktop\bytepad\Bytepad-3.0\Bytepad 3.0\Scripts\App\dist\out-tsc\e2e\src\app.e2e-spec.js.map
C:\Users\surya\OneDrive\Desktop\bytepad\Bytepad-3.0\Bytepad 3.0\Scripts\App\dist\out-tsc\src\app\app.component.spec.js
C:\Users\surya\OneDrive\Desktop\bytepad\Bytepad-3.0\Bytepad 3.0\Scripts\App\dist\out-tsc\src\app\app.component.spec.js.map
C:\Users\surya\OneDrive\Desktop\bytepad\Bytepad-3.0\Bytepad 3.0\Scripts\App\dist\out-tsc\src\environments\environment.prod.js
C:\Users\surya\OneDrive\Desktop\bytepad\Bytepad-3.0\Bytepad 3.0\Scripts\App\dist\out-tsc\src\environments\environment.prod.js.map
C:\Users\surya\OneDrive\Desktop\bytepad\Bytepad-3.0\Bytepad 3.0\Scripts\App\dist\out-tsc\src\app\download\download.component.spec.js
C:\Users\surya\OneDrive\Desktop\bytepad\Bytepad-3.0\Bytepad 3.0\Scripts\App\dist\out-tsc\src\app\download\download.component.spec.js.map
C:\Users\surya\OneDrive\Desktop\bytepad\Bytepad-3.0\Bytepad 3.0\Scripts\App\dist\out-tsc\src\app\footer\footer.component.spec.js
C:\Users\surya\OneDrive\Desktop\bytepad\Bytepad-3.0\Bytepad 3.0\Scripts\App\dist\out-tsc\src\app\footer\footer.component.spec.js.map
C:\Users\surya\OneDrive\Desktop\bytepad\Bytepad-3.0\Bytepad 3.0\Scripts\App\dist\out-tsc\src\app\landing\landing.component.spec.js
C:\Users\surya\OneDrive\Desktop\bytepad\Bytepad-3.0\Bytepad 3.0\Scripts\App\dist\out-tsc\src\app\landing\landing.component.spec.js.map
C:\Users\surya\OneDrive\Desktop\bytepad\Bytepad-3.0\Bytepad 3.0\Scripts\App\dist\out-tsc\src\app\search-result\search-result.component.spec.js
C:\Users\surya\OneDrive\Desktop\bytepad\Bytepad-3.0\Bytepad 3.0\Scripts\App\dist\out-tsc\src\app\search-result\search-result.component.spec.js.map
C:\Users\surya\OneDrive\Desktop\bytepad\Bytepad-3.0\Bytepad 3.0\Scripts\App\dist\out-tsc\src\app\update\update.component.spec.js
C:\Users\surya\OneDrive\Desktop\bytepad\Bytepad-3.0\Bytepad 3.0\Scripts\App\dist\out-tsc\src\app\update\update.component.spec.js.map
